app/build/intermediates/manifest_merge_blame_file/debug/manifest-merger-blame-debug-report.txt
1<?xml version="1.0" encoding="utf-8"?>
2<manifest xmlns:android="http://schemas.android.com/apk/res/android"
3    package="com.example.ti.bleprojectzero"
4    android:versionCode="1"
5    android:versionName="1.0.0" >
6
7    <uses-sdk
8        android:minSdkVersion="21"
8-->src/main/AndroidManifest.xml
9        android:targetSdkVersion="23" />
9-->src/main/AndroidManifest.xml
10
11    <uses-permission android:name="android.permission.BLUETOOTH" />
11-->src/main/AndroidManifest.xml:5:5-68
11-->src/main/AndroidManifest.xml:5:22-65
12    <uses-permission android:name="android.permission.BLUETOOTH_ADMIN" />
12-->src/main/AndroidManifest.xml:6:5-74
12-->src/main/AndroidManifest.xml:6:22-71
13    <uses-permission android:name="android.permission.ACCESS_COARSE_LOCATION" />
13-->src/main/AndroidManifest.xml:7:5-81
13-->src/main/AndroidManifest.xml:7:22-78
14
15    <uses-feature
15-->src/main/AndroidManifest.xml:9:5-11:35
16        android:name="android.hardware.bluetooth_le"
16-->src/main/AndroidManifest.xml:10:9-53
17        android:required="true" />
17-->src/main/AndroidManifest.xml:11:9-32
18
19    <application
19-->src/main/AndroidManifest.xml:13:5-34:19
20        android:allowBackup="true"
20-->src/main/AndroidManifest.xml:14:9-35
21        android:debuggable="true"
22        android:icon="@mipmap/ic_launcher"
22-->src/main/AndroidManifest.xml:15:9-43
23        android:label="@string/app_name"
23-->src/main/AndroidManifest.xml:16:9-41
24        android:supportsRtl="true"
24-->src/main/AndroidManifest.xml:17:9-35
25        android:testOnly="true"
26        android:theme="@style/AppTheme" >
26-->src/main/AndroidManifest.xml:18:9-40
27        <activity
27-->src/main/AndroidManifest.xml:19:9-27:20
28            android:name="com.example.ti.bleprojectzero.MainActivity"
28-->src/main/AndroidManifest.xml:20:13-41
29            android:label="@string/app_name"
29-->src/main/AndroidManifest.xml:21:13-45
30            android:theme="@style/AppTheme.NoActionBar" >
30-->src/main/AndroidManifest.xml:22:13-56
31            <intent-filter>
31-->src/main/AndroidManifest.xml:23:13-26:29
32                <action android:name="android.intent.action.MAIN" />
32-->src/main/AndroidManifest.xml:24:17-69
32-->src/main/AndroidManifest.xml:24:25-66
33
34                <category android:name="android.intent.category.LAUNCHER" />
34-->src/main/AndroidManifest.xml:25:17-77
34-->src/main/AndroidManifest.xml:25:27-74
35            </intent-filter>
36        </activity>
37        <activity
37-->src/main/AndroidManifest.xml:28:9-33:68
38            android:name="com.example.ti.bleprojectzero.SelectedDeviceActivity"
38-->src/main/AndroidManifest.xml:30:13-51
39            android:label="@string/title_activity_selected_device"
39-->src/main/AndroidManifest.xml:31:13-67
40            android:parentActivityName="com.example.ti.bleprojectzero.MainActivity"
40-->src/main/AndroidManifest.xml:32:13-55
41            android:theme="@style/AppTheme.NoActionBar"
41-->src/main/AndroidManifest.xml:33:13-56
42            android:windowSoftInputMode="adjustPan" />
42-->src/main/AndroidManifest.xml:29:13-52
43    </application>
44
45</manifest>